<?xml version="1.0" encoding="UTF-8"?>
<!-- Generated by org.testng.reporters.JUnitXMLReporter -->
<testsuite ignored="18" hostname="DESKTOP-3CFCD90" failures="0" tests="6" name="Smoke" time="136.481" errors="0" timestamp="2022-09-19T07:32:53 IST">
  <testcase classname="com.FirstProject.testccases.HomePageTest" name="validateOrderHistoryTest" time="7.535"/>
  <testcase classname="com.FirstProject.testccases.HomePageTest" name="validatewishList" time="8.822"/>
  <testcase classname="com.FirstProject.testccases.LoginPageTest" name="loginTest" time="21.388"/>
  <testcase classname="com.FirstProject.testccases.SearchResultPageTest" name="validatesearchResultTest" time="5.485"/>
  <testcase classname="com.FirstProject.testccases.IndexPageTest" name="verifyLogo" time="0.095"/>
  <testcase classname="com.FirstProject.testccases.IndexPageTest" name="verifyTitle" time="0.099"/>
  <testcase classname="com.FirstProject.testccases.OrderConfirmationTest" name="validateOrderConfirmTest" time="0.0">
    <ignored/>
  </testcase> <!-- validateOrderConfirmTest -->
  <testcase classname="com.FirstProject.testccases.AccountCreationPageTest" name="validatewishList" time="0.0">
    <ignored/>
  </testcase> <!-- validatewishList -->
  <testcase classname="com.FirstProject.testccases.OrderPageTest" name="validateOrderTest" time="0.0">
    <ignored/>
  </testcase> <!-- validateOrderTest -->
  <testcase classname="com.mystore.base.BaseClass" name="@BeforeSuite beforeSuite" time="0.0">
    <ignored/>
  </testcase> <!-- @BeforeSuite beforeSuite -->
  <testcase classname="com.mystore.base.BaseClass" name="@BeforeSuite beforeSuite" time="0.0">
    <ignored/>
  </testcase> <!-- @BeforeSuite beforeSuite -->
  <testcase classname="com.mystore.base.BaseClass" name="@BeforeSuite beforeSuite" time="0.0">
    <ignored/>
  </testcase> <!-- @BeforeSuite beforeSuite -->
  <testcase classname="com.mystore.base.BaseClass" name="@BeforeSuite beforeSuite" time="0.0">
    <ignored/>
  </testcase> <!-- @BeforeSuite beforeSuite -->
  <testcase classname="com.mystore.base.BaseClass" name="@BeforeSuite beforeSuite" time="0.0">
    <ignored/>
  </testcase> <!-- @BeforeSuite beforeSuite -->
  <testcase classname="com.mystore.base.BaseClass" name="@BeforeSuite beforeSuite" time="0.0">
    <ignored/>
  </testcase> <!-- @BeforeSuite beforeSuite -->
  <testcase classname="com.mystore.base.BaseClass" name="@BeforeSuite beforeSuite" time="0.0">
    <ignored/>
  </testcase> <!-- @BeforeSuite beforeSuite -->
  <testcase classname="com.FirstProject.testccases.AddToCartPageTest" name="validatesearchResultTest" time="0.0">
    <ignored/>
  </testcase> <!-- validatesearchResultTest -->
  <testcase classname="com.mystore.base.BaseClass" name="@BeforeTest loadConfig" time="0.0">
    <ignored/>
  </testcase> <!-- @BeforeTest loadConfig -->
  <testcase classname="com.mystore.base.BaseClass" name="@BeforeTest loadConfig" time="0.0">
    <ignored/>
  </testcase> <!-- @BeforeTest loadConfig -->
  <testcase classname="com.mystore.base.BaseClass" name="@BeforeTest loadConfig" time="0.0">
    <ignored/>
  </testcase> <!-- @BeforeTest loadConfig -->
  <testcase classname="com.mystore.base.BaseClass" name="@BeforeTest loadConfig" time="0.0">
    <ignored/>
  </testcase> <!-- @BeforeTest loadConfig -->
  <testcase classname="com.mystore.base.BaseClass" name="@BeforeTest loadConfig" time="0.0">
    <ignored/>
  </testcase> <!-- @BeforeTest loadConfig -->
  <testcase classname="com.mystore.base.BaseClass" name="@BeforeTest loadConfig" time="0.0">
    <ignored/>
  </testcase> <!-- @BeforeTest loadConfig -->
  <testcase classname="com.mystore.base.BaseClass" name="@BeforeTest loadConfig" time="0.0">
    <ignored/>
  </testcase> <!-- @BeforeTest loadConfig -->
</testsuite> <!-- Smoke -->
