<?xml version="1.0" encoding="UTF-8"?>
<testng-results ignored="14" total="24" passed="9" failed="1" skipped="0">
  <reporter-output>
  </reporter-output>
  <suite started-at="2022-09-20T06:54:33 IST" name="Suite" finished-at="2022-09-20T07:01:51 IST" duration-ms="438026">
    <groups>
      <group name="Sanity">
        <method signature="AccountCreationPageTest.validatewishList(java.lang.String)[pri:0, instance:com.FirstProject.testccases.AccountCreationPageTest@20f5239f]" name="validatewishList" class="com.FirstProject.testccases.AccountCreationPageTest"/>
        <method signature="AddToCartPageTest.validateProductAddedToCartTest(java.lang.String, java.lang.String, java.lang.String)[pri:0, instance:com.FirstProject.testccases.AddToCartPageTest@6d3a388c]" name="validateProductAddedToCartTest" class="com.FirstProject.testccases.AddToCartPageTest"/>
        <method signature="LoginPageTest.loginTest(java.lang.String, java.lang.String)[pri:0, instance:com.FirstProject.testccases.LoginPageTest@223aa2f7]" name="loginTest" class="com.FirstProject.testccases.LoginPageTest"/>
      </group> <!-- Sanity -->
      <group name="Regression">
        <method signature="AddToCartPageTest.validateProductAddedToCartTest(java.lang.String, java.lang.String, java.lang.String)[pri:0, instance:com.FirstProject.testccases.AddToCartPageTest@6d3a388c]" name="validateProductAddedToCartTest" class="com.FirstProject.testccases.AddToCartPageTest"/>
        <method signature="OrderConfirmationTest.validateOrderConfirmTest(java.lang.String, java.lang.String, java.lang.String)[pri:0, instance:com.FirstProject.testccases.OrderConfirmationTest@6a84a97d]" name="validateOrderConfirmTest" class="com.FirstProject.testccases.OrderConfirmationTest"/>
        <method signature="OrderPageTest.validateOrderTest(java.lang.String, java.lang.String, java.lang.String)[pri:0, instance:com.FirstProject.testccases.OrderPageTest@50ad3bc1]" name="validateOrderTest" class="com.FirstProject.testccases.OrderPageTest"/>
      </group> <!-- Regression -->
      <group name="Smoke">
        <method signature="HomePageTest.validateOrderHistoryTest(java.lang.String, java.lang.String)[pri:0, instance:com.FirstProject.testccases.HomePageTest@6c130c45]" name="validateOrderHistoryTest" class="com.FirstProject.testccases.HomePageTest"/>
        <method signature="HomePageTest.validatewishList(java.lang.String, java.lang.String)[pri:0, instance:com.FirstProject.testccases.HomePageTest@6c130c45]" name="validatewishList" class="com.FirstProject.testccases.HomePageTest"/>
        <method signature="IndexPageTest.verifyLogo()[pri:0, instance:com.FirstProject.testccases.IndexPageTest@57af006c]" name="verifyLogo" class="com.FirstProject.testccases.IndexPageTest"/>
        <method signature="IndexPageTest.verifyTitle()[pri:0, instance:com.FirstProject.testccases.IndexPageTest@57af006c]" name="verifyTitle" class="com.FirstProject.testccases.IndexPageTest"/>
        <method signature="LoginPageTest.loginTest(java.lang.String, java.lang.String)[pri:0, instance:com.FirstProject.testccases.LoginPageTest@223aa2f7]" name="loginTest" class="com.FirstProject.testccases.LoginPageTest"/>
        <method signature="SearchResultPageTest.validatesearchResultTest()[pri:0, instance:com.FirstProject.testccases.SearchResultPageTest@193f604a]" name="validatesearchResultTest" class="com.FirstProject.testccases.SearchResultPageTest"/>
      </group> <!-- Smoke -->
    </groups>
    <test started-at="2022-09-20T06:54:33 IST" name="Test" finished-at="2022-09-20T07:01:51 IST" duration-ms="438026">
      <class name="com.FirstProject.testccases.OrderPageTest">
        <test-method is-config="true" signature="setup(java.lang.String)[pri:0, instance:com.FirstProject.testccases.OrderPageTest@50ad3bc1]" started-at="2022-09-20T06:58:04 IST" name="setup" finished-at="2022-09-20T06:58:28 IST" duration-ms="24178" status="PASS">
          <params>
            <param index="0">
              <value>
                <![CDATA[Chrome]]>
              </value>
            </param>
          </params>
          <reporter-output>
          </reporter-output>
        </test-method> <!-- setup -->
        <test-method signature="validateOrderTest(java.lang.String, java.lang.String, java.lang.String)[pri:0, instance:com.FirstProject.testccases.OrderPageTest@50ad3bc1]" started-at="2022-09-20T06:58:28 IST" name="validateOrderTest" data-provider="getProduct" finished-at="2022-09-20T06:58:55 IST" duration-ms="26314" status="PASS">
          <params>
            <param index="0">
              <value>
                <![CDATA[t-shirt]]>
              </value>
            </param>
            <param index="1">
              <value>
                <![CDATA[2.0]]>
              </value>
            </param>
            <param index="2">
              <value>
                <![CDATA[M]]>
              </value>
            </param>
          </params>
          <reporter-output>
          </reporter-output>
        </test-method> <!-- validateOrderTest -->
        <test-method is-config="true" signature="tearDown()[pri:0, instance:com.FirstProject.testccases.OrderPageTest@50ad3bc1]" started-at="2022-09-20T06:58:55 IST" name="tearDown" finished-at="2022-09-20T06:58:57 IST" duration-ms="2284" status="PASS">
          <reporter-output>
          </reporter-output>
        </test-method> <!-- tearDown -->
      </class> <!-- com.FirstProject.testccases.OrderPageTest -->
      <class name="com.FirstProject.testccases.IndexPageTest">
        <test-method is-config="true" signature="setup(java.lang.String)[pri:0, instance:com.FirstProject.testccases.IndexPageTest@57af006c]" started-at="2022-09-20T07:01:12 IST" name="setup" finished-at="2022-09-20T07:01:32 IST" duration-ms="19657" status="PASS">
          <params>
            <param index="0">
              <value>
                <![CDATA[Chrome]]>
              </value>
            </param>
          </params>
          <reporter-output>
          </reporter-output>
        </test-method> <!-- setup -->
        <test-method signature="verifyLogo()[pri:0, instance:com.FirstProject.testccases.IndexPageTest@57af006c]" started-at="2022-09-20T07:01:32 IST" name="verifyLogo" finished-at="2022-09-20T07:01:32 IST" duration-ms="139" status="PASS">
          <reporter-output>
          </reporter-output>
        </test-method> <!-- verifyLogo -->
        <test-method is-config="true" signature="tearDown()[pri:0, instance:com.FirstProject.testccases.IndexPageTest@57af006c]" started-at="2022-09-20T07:01:32 IST" name="tearDown" finished-at="2022-09-20T07:01:34 IST" duration-ms="1509" status="PASS">
          <reporter-output>
          </reporter-output>
        </test-method> <!-- tearDown -->
        <test-method is-config="true" signature="setup(java.lang.String)[pri:0, instance:com.FirstProject.testccases.IndexPageTest@57af006c]" started-at="2022-09-20T07:01:34 IST" name="setup" finished-at="2022-09-20T07:01:50 IST" duration-ms="16624" status="PASS">
          <params>
            <param index="0">
              <value>
                <![CDATA[Chrome]]>
              </value>
            </param>
          </params>
          <reporter-output>
          </reporter-output>
        </test-method> <!-- setup -->
        <test-method signature="verifyTitle()[pri:0, instance:com.FirstProject.testccases.IndexPageTest@57af006c]" started-at="2022-09-20T07:01:50 IST" name="verifyTitle" finished-at="2022-09-20T07:01:50 IST" duration-ms="22" status="PASS">
          <reporter-output>
          </reporter-output>
        </test-method> <!-- verifyTitle -->
        <test-method is-config="true" signature="tearDown()[pri:0, instance:com.FirstProject.testccases.IndexPageTest@57af006c]" started-at="2022-09-20T07:01:50 IST" name="tearDown" finished-at="2022-09-20T07:01:51 IST" duration-ms="868" status="PASS">
          <reporter-output>
          </reporter-output>
        </test-method> <!-- tearDown -->
      </class> <!-- com.FirstProject.testccases.IndexPageTest -->
      <class name="com.FirstProject.testccases.HomePageTest">
        <test-method is-config="true" signature="setup(java.lang.String)[pri:0, instance:com.FirstProject.testccases.HomePageTest@6c130c45]" started-at="2022-09-20T06:56:26 IST" name="setup" finished-at="2022-09-20T06:56:59 IST" duration-ms="32858" status="PASS">
          <params>
            <param index="0">
              <value>
                <![CDATA[Chrome]]>
              </value>
            </param>
          </params>
          <reporter-output>
          </reporter-output>
        </test-method> <!-- setup -->
        <test-method signature="validateOrderHistoryTest(java.lang.String, java.lang.String)[pri:0, instance:com.FirstProject.testccases.HomePageTest@6c130c45]" started-at="2022-09-20T06:56:59 IST" name="validateOrderHistoryTest" data-provider="credentials" finished-at="2022-09-20T06:57:10 IST" duration-ms="11550" status="PASS">
          <params>
            <param index="0">
              <value>
                <![CDATA[shash@abc.com]]>
              </value>
            </param>
            <param index="1">
              <value>
                <![CDATA[admin@123]]>
              </value>
            </param>
          </params>
          <reporter-output>
          </reporter-output>
        </test-method> <!-- validateOrderHistoryTest -->
        <test-method is-config="true" signature="tearDown()[pri:0, instance:com.FirstProject.testccases.HomePageTest@6c130c45]" started-at="2022-09-20T06:57:10 IST" name="tearDown" finished-at="2022-09-20T06:57:12 IST" duration-ms="2073" status="PASS">
          <reporter-output>
          </reporter-output>
        </test-method> <!-- tearDown -->
        <test-method is-config="true" signature="setup(java.lang.String)[pri:0, instance:com.FirstProject.testccases.HomePageTest@6c130c45]" started-at="2022-09-20T06:57:13 IST" name="setup" finished-at="2022-09-20T06:57:35 IST" duration-ms="22636" status="PASS">
          <params>
            <param index="0">
              <value>
                <![CDATA[Chrome]]>
              </value>
            </param>
          </params>
          <reporter-output>
          </reporter-output>
        </test-method> <!-- setup -->
        <test-method signature="validatewishList(java.lang.String, java.lang.String)[pri:0, instance:com.FirstProject.testccases.HomePageTest@6c130c45]" started-at="2022-09-20T06:57:35 IST" name="validatewishList" data-provider="credentials" finished-at="2022-09-20T06:58:02 IST" duration-ms="26871" status="PASS">
          <params>
            <param index="0">
              <value>
                <![CDATA[shash@abc.com]]>
              </value>
            </param>
            <param index="1">
              <value>
                <![CDATA[admin@123]]>
              </value>
            </param>
          </params>
          <reporter-output>
          </reporter-output>
        </test-method> <!-- validatewishList -->
        <test-method is-config="true" signature="tearDown()[pri:0, instance:com.FirstProject.testccases.HomePageTest@6c130c45]" started-at="2022-09-20T06:58:02 IST" name="tearDown" finished-at="2022-09-20T06:58:04 IST" duration-ms="1982" status="PASS">
          <reporter-output>
          </reporter-output>
        </test-method> <!-- tearDown -->
      </class> <!-- com.FirstProject.testccases.HomePageTest -->
      <class name="com.FirstProject.testccases.OrderConfirmationTest">
        <test-method is-config="true" signature="loadConfig()[pri:0, instance:com.FirstProject.testccases.OrderConfirmationTest@6a84a97d]" started-at="2022-09-20T06:54:32 IST" name="loadConfig" finished-at="2022-09-20T06:54:33 IST" duration-ms="1458" status="PASS">
          <reporter-output>
          </reporter-output>
        </test-method> <!-- loadConfig -->
        <test-method is-config="true" signature="setup(java.lang.String)[pri:0, instance:com.FirstProject.testccases.OrderConfirmationTest@6a84a97d]" started-at="2022-09-20T06:54:37 IST" name="setup" finished-at="2022-09-20T06:55:36 IST" duration-ms="58507" status="PASS">
          <params>
            <param index="0">
              <value>
                <![CDATA[Chrome]]>
              </value>
            </param>
          </params>
          <reporter-output>
          </reporter-output>
        </test-method> <!-- setup -->
        <test-method signature="validateOrderConfirmTest(java.lang.String, java.lang.String, java.lang.String)[pri:0, instance:com.FirstProject.testccases.OrderConfirmationTest@6a84a97d]" started-at="2022-09-20T06:55:36 IST" name="validateOrderConfirmTest" data-provider="getProduct" finished-at="2022-09-20T06:56:22 IST" duration-ms="46700" status="PASS">
          <params>
            <param index="0">
              <value>
                <![CDATA[t-shirt]]>
              </value>
            </param>
            <param index="1">
              <value>
                <![CDATA[2.0]]>
              </value>
            </param>
            <param index="2">
              <value>
                <![CDATA[M]]>
              </value>
            </param>
          </params>
          <reporter-output>
          </reporter-output>
        </test-method> <!-- validateOrderConfirmTest -->
        <test-method is-config="true" signature="tearDown()[pri:0, instance:com.FirstProject.testccases.OrderConfirmationTest@6a84a97d]" started-at="2022-09-20T06:56:22 IST" name="tearDown" finished-at="2022-09-20T06:56:26 IST" duration-ms="3136" status="PASS">
          <reporter-output>
          </reporter-output>
        </test-method> <!-- tearDown -->
        <test-method is-config="true" signature="afterSuite()[pri:0, instance:com.FirstProject.testccases.OrderConfirmationTest@6a84a97d]" started-at="2022-09-20T07:01:53 IST" name="afterSuite" finished-at="2022-09-20T07:01:55 IST" duration-ms="1989" status="PASS">
          <reporter-output>
          </reporter-output>
        </test-method> <!-- afterSuite -->
      </class> <!-- com.FirstProject.testccases.OrderConfirmationTest -->
      <class name="com.FirstProject.testccases.AddToCartPageTest">
        <test-method is-config="true" signature="setup(java.lang.String)[pri:0, instance:com.FirstProject.testccases.AddToCartPageTest@6d3a388c]" started-at="2022-09-20T06:59:45 IST" name="setup" finished-at="2022-09-20T07:00:06 IST" duration-ms="21271" status="PASS">
          <params>
            <param index="0">
              <value>
                <![CDATA[Chrome]]>
              </value>
            </param>
          </params>
          <reporter-output>
          </reporter-output>
        </test-method> <!-- setup -->
        <test-method signature="validateProductAddedToCartTest(java.lang.String, java.lang.String, java.lang.String)[pri:0, instance:com.FirstProject.testccases.AddToCartPageTest@6d3a388c]" started-at="2022-09-20T07:00:06 IST" name="validateProductAddedToCartTest" data-provider="getProduct" finished-at="2022-09-20T07:00:19 IST" duration-ms="13656" status="PASS">
          <params>
            <param index="0">
              <value>
                <![CDATA[t-shirt]]>
              </value>
            </param>
            <param index="1">
              <value>
                <![CDATA[2.0]]>
              </value>
            </param>
            <param index="2">
              <value>
                <![CDATA[M]]>
              </value>
            </param>
          </params>
          <reporter-output>
          </reporter-output>
        </test-method> <!-- validateProductAddedToCartTest -->
        <test-method is-config="true" signature="tearDown()[pri:0, instance:com.FirstProject.testccases.AddToCartPageTest@6d3a388c]" started-at="2022-09-20T07:00:19 IST" name="tearDown" finished-at="2022-09-20T07:00:21 IST" duration-ms="1209" status="PASS">
          <reporter-output>
          </reporter-output>
        </test-method> <!-- tearDown -->
      </class> <!-- com.FirstProject.testccases.AddToCartPageTest -->
      <class name="com.FirstProject.testccases.LoginPageTest">
        <test-method is-config="true" signature="setup(java.lang.String)[pri:0, instance:com.FirstProject.testccases.LoginPageTest@223aa2f7]" started-at="2022-09-20T06:58:57 IST" name="setup" finished-at="2022-09-20T06:59:19 IST" duration-ms="22096" status="PASS">
          <params>
            <param index="0">
              <value>
                <![CDATA[Chrome]]>
              </value>
            </param>
          </params>
          <reporter-output>
          </reporter-output>
        </test-method> <!-- setup -->
        <test-method signature="loginTest(java.lang.String, java.lang.String)[pri:0, instance:com.FirstProject.testccases.LoginPageTest@223aa2f7]" started-at="2022-09-20T06:59:19 IST" name="loginTest" data-provider="credentials" finished-at="2022-09-20T06:59:43 IST" duration-ms="23339" status="PASS">
          <params>
            <param index="0">
              <value>
                <![CDATA[shash@abc.com]]>
              </value>
            </param>
            <param index="1">
              <value>
                <![CDATA[admin@123]]>
              </value>
            </param>
          </params>
          <reporter-output>
          </reporter-output>
        </test-method> <!-- loginTest -->
        <test-method is-config="true" signature="tearDown()[pri:0, instance:com.FirstProject.testccases.LoginPageTest@223aa2f7]" started-at="2022-09-20T06:59:43 IST" name="tearDown" finished-at="2022-09-20T06:59:44 IST" duration-ms="1529" status="PASS">
          <reporter-output>
          </reporter-output>
        </test-method> <!-- tearDown -->
      </class> <!-- com.FirstProject.testccases.LoginPageTest -->
      <class name="com.FirstProject.testccases.SearchResultPageTest">
        <test-method is-config="true" signature="setup(java.lang.String)[pri:0, instance:com.FirstProject.testccases.SearchResultPageTest@193f604a]" started-at="2022-09-20T07:00:21 IST" name="setup" finished-at="2022-09-20T07:00:38 IST" duration-ms="17568" status="PASS">
          <params>
            <param index="0">
              <value>
                <![CDATA[Chrome]]>
              </value>
            </param>
          </params>
          <reporter-output>
          </reporter-output>
        </test-method> <!-- setup -->
        <test-method signature="validatesearchResultTest()[pri:0, instance:com.FirstProject.testccases.SearchResultPageTest@193f604a]" started-at="2022-09-20T07:00:38 IST" name="validatesearchResultTest" finished-at="2022-09-20T07:00:42 IST" duration-ms="4013" status="PASS">
          <reporter-output>
          </reporter-output>
        </test-method> <!-- validatesearchResultTest -->
        <test-method is-config="true" signature="tearDown()[pri:0, instance:com.FirstProject.testccases.SearchResultPageTest@193f604a]" started-at="2022-09-20T07:00:42 IST" name="tearDown" finished-at="2022-09-20T07:00:43 IST" duration-ms="994" status="PASS">
          <reporter-output>
          </reporter-output>
        </test-method> <!-- tearDown -->
      </class> <!-- com.FirstProject.testccases.SearchResultPageTest -->
      <class name="com.FirstProject.testccases.AccountCreationPageTest">
        <test-method is-config="true" signature="setup(java.lang.String)[pri:0, instance:com.FirstProject.testccases.AccountCreationPageTest@20f5239f]" started-at="2022-09-20T07:00:43 IST" name="setup" finished-at="2022-09-20T07:00:55 IST" duration-ms="11577" status="PASS">
          <params>
            <param index="0">
              <value>
                <![CDATA[Chrome]]>
              </value>
            </param>
          </params>
          <reporter-output>
          </reporter-output>
        </test-method> <!-- setup -->
        <test-method signature="validatewishList(java.lang.String)[pri:0, instance:com.FirstProject.testccases.AccountCreationPageTest@20f5239f]" started-at="2022-09-20T07:00:55 IST" name="validatewishList" data-provider="email" finished-at="2022-09-20T07:01:11 IST" duration-ms="15750" status="FAIL">
          <params>
            <param index="0">
              <value>
                <![CDATA[ghfsdtyfg@gmail.com]]>
              </value>
            </param>
          </params>
          <exception class="org.openqa.selenium.NoSuchElementException">
            <message>
              <![CDATA[no such element: Unable to locate element: {"method":"xpath","selector":"//h1[text()='Create an account']"}
  (Session info: chrome=105.0.5195.127)
For documentation on this error, please visit: https://www.seleniumhq.org/exceptions/no_such_element.html
Build info: version: '3.141.59', revision: 'e82be7d358', time: '2018-11-14T08:17:03'
System info: host: 'DESKTOP-3CFCD90', ip: '172.29.0.1', os.name: 'Windows 10', os.arch: 'amd64', os.version: '10.0', java.version: '10.0.2'
Driver info: org.openqa.selenium.chrome.ChromeDriver
Capabilities {acceptInsecureCerts: false, browserName: chrome, browserVersion: 105.0.5195.127, chrome: {chromedriverVersion: 105.0.5195.52 (412c95e51883..., userDataDir: C:\Users\SHASHW~1\AppData\L...}, goog:chromeOptions: {debuggerAddress: localhost:56023}, javascriptEnabled: true, networkConnectionEnabled: false, pageLoadStrategy: normal, platform: WINDOWS, platformName: WINDOWS, proxy: Proxy(), setWindowRect: true, strictFileInteractability: false, timeouts: {implicit: 0, pageLoad: 300000, script: 30000}, unhandledPromptBehavior: dismiss and notify, webauthn:extension:credBlob: true, webauthn:extension:largeBlob: true, webauthn:virtualAuthenticators: true}
Session ID: 1c357c6537b44c372e325eafea0f1db1
*** Element info: {Using=xpath, value=//h1[text()='Create an account']}]]>
            </message>
            <full-stacktrace>
              <![CDATA[org.openqa.selenium.NoSuchElementException: no such element: Unable to locate element: {"method":"xpath","selector":"//h1[text()='Create an account']"}
  (Session info: chrome=105.0.5195.127)
For documentation on this error, please visit: https://www.seleniumhq.org/exceptions/no_such_element.html
Build info: version: '3.141.59', revision: 'e82be7d358', time: '2018-11-14T08:17:03'
System info: host: 'DESKTOP-3CFCD90', ip: '172.29.0.1', os.name: 'Windows 10', os.arch: 'amd64', os.version: '10.0', java.version: '10.0.2'
Driver info: org.openqa.selenium.chrome.ChromeDriver
Capabilities {acceptInsecureCerts: false, browserName: chrome, browserVersion: 105.0.5195.127, chrome: {chromedriverVersion: 105.0.5195.52 (412c95e51883..., userDataDir: C:\Users\SHASHW~1\AppData\L...}, goog:chromeOptions: {debuggerAddress: localhost:56023}, javascriptEnabled: true, networkConnectionEnabled: false, pageLoadStrategy: normal, platform: WINDOWS, platformName: WINDOWS, proxy: Proxy(), setWindowRect: true, strictFileInteractability: false, timeouts: {implicit: 0, pageLoad: 300000, script: 30000}, unhandledPromptBehavior: dismiss and notify, webauthn:extension:credBlob: true, webauthn:extension:largeBlob: true, webauthn:virtualAuthenticators: true}
Session ID: 1c357c6537b44c372e325eafea0f1db1
*** Element info: {Using=xpath, value=//h1[text()='Create an account']}
at java.base/jdk.internal.reflect.NativeConstructorAccessorImpl.newInstance0(Native Method)
at java.base/jdk.internal.reflect.NativeConstructorAccessorImpl.newInstance(Unknown Source)
at java.base/jdk.internal.reflect.DelegatingConstructorAccessorImpl.newInstance(Unknown Source)
at java.base/java.lang.reflect.Constructor.newInstance(Unknown Source)
at org.openqa.selenium.remote.http.W3CHttpResponseCodec.createException(W3CHttpResponseCodec.java:187)
at org.openqa.selenium.remote.http.W3CHttpResponseCodec.decode(W3CHttpResponseCodec.java:122)
at org.openqa.selenium.remote.http.W3CHttpResponseCodec.decode(W3CHttpResponseCodec.java:49)
at org.openqa.selenium.remote.HttpCommandExecutor.execute(HttpCommandExecutor.java:158)
at org.openqa.selenium.remote.service.DriverCommandExecutor.execute(DriverCommandExecutor.java:83)
at org.openqa.selenium.remote.RemoteWebDriver.execute(RemoteWebDriver.java:552)
at org.openqa.selenium.remote.RemoteWebDriver.findElement(RemoteWebDriver.java:323)
at org.openqa.selenium.remote.RemoteWebDriver.findElementByXPath(RemoteWebDriver.java:428)
at org.openqa.selenium.By$ByXPath.findElement(By.java:353)
at org.openqa.selenium.remote.RemoteWebDriver.findElement(RemoteWebDriver.java:315)
at org.openqa.selenium.support.pagefactory.DefaultElementLocator.findElement(DefaultElementLocator.java:69)
at org.openqa.selenium.support.pagefactory.internal.LocatingElementHandler.invoke(LocatingElementHandler.java:38)
at com.sun.proxy.$Proxy17.isDisplayed(Unknown Source)
at com.mystore.pageobjects.AccountCreation.validateHeading(AccountCreation.java:25)
at com.FirstProject.testccases.AccountCreationPageTest.validatewishList(AccountCreationPageTest.java:40)
at java.base/jdk.internal.reflect.NativeMethodAccessorImpl.invoke0(Native Method)
at java.base/jdk.internal.reflect.NativeMethodAccessorImpl.invoke(Unknown Source)
at java.base/jdk.internal.reflect.DelegatingMethodAccessorImpl.invoke(Unknown Source)
at java.base/java.lang.reflect.Method.invoke(Unknown Source)
at org.testng.internal.MethodInvocationHelper.invokeMethod(MethodInvocationHelper.java:134)
at org.testng.internal.TestInvoker.invokeMethod(TestInvoker.java:597)
at org.testng.internal.TestInvoker.invokeTestMethod(TestInvoker.java:173)
at org.testng.internal.MethodRunner.runInSequence(MethodRunner.java:46)
at org.testng.internal.TestInvoker$MethodInvocationAgent.invoke(TestInvoker.java:816)
at org.testng.internal.TestInvoker.invokeTestMethods(TestInvoker.java:146)
at org.testng.internal.TestMethodWorker.invokeTestMethods(TestMethodWorker.java:146)
at org.testng.internal.TestMethodWorker.run(TestMethodWorker.java:128)
at java.base/java.util.ArrayList.forEach(Unknown Source)
at org.testng.TestRunner.privateRun(TestRunner.java:766)
at org.testng.TestRunner.run(TestRunner.java:587)
at org.testng.SuiteRunner.runTest(SuiteRunner.java:384)
at org.testng.SuiteRunner.runSequentially(SuiteRunner.java:378)
at org.testng.SuiteRunner.privateRun(SuiteRunner.java:337)
at org.testng.SuiteRunner.run(SuiteRunner.java:286)
at org.testng.SuiteRunnerWorker.runSuite(SuiteRunnerWorker.java:53)
at org.testng.SuiteRunnerWorker.run(SuiteRunnerWorker.java:96)
at org.testng.TestNG.runSuitesSequentially(TestNG.java:1187)
at org.testng.TestNG.runSuitesLocally(TestNG.java:1109)
at org.testng.TestNG.runSuites(TestNG.java:1039)
at org.testng.TestNG.run(TestNG.java:1007)
at org.testng.remote.AbstractRemoteTestNG.run(AbstractRemoteTestNG.java:115)
at org.testng.remote.RemoteTestNG.initAndRun(RemoteTestNG.java:251)
at org.testng.remote.RemoteTestNG.main(RemoteTestNG.java:77)
]]>
            </full-stacktrace>
          </exception> <!-- org.openqa.selenium.NoSuchElementException -->
          <reporter-output>
          </reporter-output>
        </test-method> <!-- validatewishList -->
        <test-method is-config="true" signature="tearDown()[pri:0, instance:com.FirstProject.testccases.AccountCreationPageTest@20f5239f]" started-at="2022-09-20T07:01:11 IST" name="tearDown" finished-at="2022-09-20T07:01:12 IST" duration-ms="1052" status="PASS">
          <reporter-output>
          </reporter-output>
        </test-method> <!-- tearDown -->
      </class> <!-- com.FirstProject.testccases.AccountCreationPageTest -->
    </test> <!-- Test -->
  </suite> <!-- Suite -->
</testng-results>
